2024-06-27 10:42:59 - Starting C:\Program Files\nodejs\node.exe  --harmony C:\andon-jfa-fonte-oficial\andon-jfa-fonte-oficial\andon-jfa-master\node_modules\node-windows\lib\wrapper.js --file C:\andon-jfa-fonte-oficial\andon-jfa-fonte-oficial\andon-jfa-master\src\app\express.js --scriptoptions= --log "andonfonte wrapper" --grow 0.25 --wait 1 --maxrestarts 3 --abortonerror n --stopparentfirst undefined
2024-06-27 10:42:59 - Started 5040
2024-06-27 11:15:35 - Stopping andonfonte.exe
2024-06-27 11:15:35 - ProcessKill 5040
2024-06-27 11:15:35 - Shutdown exception
Message:O sistema está sendo desligado.

Stacktrace:   em System.Runtime.InteropServices.Marshal.ThrowExceptionForHRInternal(Int32 errorCode, IntPtr errorInfo)
   em System.Management.ManagementScope.InitializeGuts(Object o)
   em System.Management.ManagementScope.Initialize()
   em System.Management.ManagementObjectSearcher.Initialize()
   em System.Management.ManagementObjectSearcher.Get()
   em winsw.WrapperService.GetChildPids(Int32 pid)
   em winsw.WrapperService.StopProcessAndChildren(Int32 pid)
   em winsw.WrapperService.StopIt()
   em winsw.WrapperService.OnShutdown()
2024-06-27 11:16:04 - Starting C:\Program Files\nodejs\node.exe  --harmony C:\andon-jfa-fonte-oficial\andon-jfa-fonte-oficial\andon-jfa-master\node_modules\node-windows\lib\wrapper.js --file C:\andon-jfa-fonte-oficial\andon-jfa-fonte-oficial\andon-jfa-master\src\app\express.js --scriptoptions= --log "andonfonte wrapper" --grow 0.25 --wait 1 --maxrestarts 3 --abortonerror n --stopparentfirst undefined
2024-06-27 11:16:04 - Started 7452
2024-07-03 06:59:51 - Starting C:\Program Files\nodejs\node.exe  --harmony C:\andon-jfa-fonte-oficial\andon-jfa-fonte-oficial\andon-jfa-master\node_modules\node-windows\lib\wrapper.js --file C:\andon-jfa-fonte-oficial\andon-jfa-fonte-oficial\andon-jfa-master\src\app\express.js --scriptoptions= --log "andonfonte wrapper" --grow 0.25 --wait 1 --maxrestarts 3 --abortonerror n --stopparentfirst undefined
2024-07-03 06:59:51 - Started 13148
2024-07-03 07:00:16 - Starting C:\Program Files\nodejs\node.exe  --harmony C:\andon-jfa-fonte-oficial\andon-jfa-fonte-oficial\andon-jfa-master\node_modules\node-windows\lib\wrapper.js --file C:\andon-jfa-fonte-oficial\andon-jfa-fonte-oficial\andon-jfa-master\src\app\express.js --scriptoptions= --log "andonfonte wrapper" --grow 0.25 --wait 1 --maxrestarts 3 --abortonerror n --stopparentfirst undefined
2024-07-03 07:00:16 - Started 12508
2024-07-03 07:03:32 - Starting C:\Program Files\nodejs\node.exe  --harmony C:\andon-jfa-fonte-oficial\andon-jfa-fonte-oficial\andon-jfa-master\node_modules\node-windows\lib\wrapper.js --file C:\andon-jfa-fonte-oficial\andon-jfa-fonte-oficial\andon-jfa-master\src\app\express.js --scriptoptions= --log "andonfonte wrapper" --grow 0.25 --wait 1 --maxrestarts 3 --abortonerror n --stopparentfirst undefined
2024-07-03 07:03:32 - Started 15556
2024-07-03 07:25:42 - Starting C:\Program Files\nodejs\node.exe  --harmony C:\andon-jfa-fonte-oficial\andon-jfa-fonte-oficial\andon-jfa-master\node_modules\node-windows\lib\wrapper.js --file C:\andon-jfa-fonte-oficial\andon-jfa-fonte-oficial\andon-jfa-master\src\app\express.js --scriptoptions= --log "andonfonte wrapper" --grow 0.25 --wait 1 --maxrestarts 3 --abortonerror n --stopparentfirst undefined
2024-07-03 07:25:42 - Started 9148
2024-07-05 12:03:10 - Starting C:\Program Files\nodejs\node.exe  --harmony C:\andon-jfa-fonte-oficial\andon-jfa-fonte-oficial\andon-jfa-master\node_modules\node-windows\lib\wrapper.js --file C:\andon-jfa-fonte-oficial\andon-jfa-fonte-oficial\andon-jfa-master\src\app\express.js --scriptoptions= --log "andonfonte wrapper" --grow 0.25 --wait 1 --maxrestarts 3 --abortonerror n --stopparentfirst undefined
2024-07-05 12:03:10 - Started 158384
2024-07-05 12:03:13 - Stopping andonfonte.exe
2024-07-05 12:03:13 - ProcessKill 158384
2024-07-05 12:03:13 - Found child process: 155140 Name: conhost.exe
2024-07-05 12:03:13 - Stopping process 155140
2024-07-05 12:03:13 - Send SIGINT 155140
2024-07-05 12:03:13 - SIGINT to 155140 failed - Killing as fallback
2024-07-05 12:03:13 - Stopping process 158384
2024-07-05 12:03:13 - Send SIGINT 158384
2024-07-05 12:03:13 - SIGINT to 158384 failed - Killing as fallback
2024-07-05 12:03:13 - Finished andonfonte.exe
2024-07-05 13:18:54 - Starting C:\Program Files\nodejs\node.exe  --harmony C:\andon-jfa-fonte-oficial\andon-jfa-fonte-oficial\andon-jfa-master\node_modules\node-windows\lib\wrapper.js --file C:\andon-jfa-fonte-oficial\andon-jfa-fonte-oficial\andon-jfa-master\src\app\express.js --scriptoptions= --log "andonfonte wrapper" --grow 0.25 --wait 1 --maxrestarts 3 --abortonerror n --stopparentfirst undefined
2024-07-05 13:18:54 - Started 148272
