Error: ENOENT: no such file or directory, stat 'C:\andon-jfa-fonte-oficial\andon-jfa-fonte-oficial\website-tablet\dist\website-tablet\index.html'
Error: ENOENT: no such file or directory, stat 'C:\andon-jfa-fonte-oficial\andon-jfa-fonte-oficial\website-tablet\dist\website-tablet\index.html'
node:internal/modules/cjs/loader:1228
  throw err;
  ^

Error: Cannot find module 'C:\andon-jfa-fonte-oficial\andon-jfa-fonte-oficial\website-tablet\node_modules\node-windows\lib\wrapper.js'
    at Module._resolveFilename (node:internal/modules/cjs/loader:1225:15)
    at Module._load (node:internal/modules/cjs/loader:1051:27)
    at Function.executeUserEntryPoint [as runMain] (node:internal/modules/run_main:174:12)
    at node:internal/main/run_main_module:28:49 {
  code: 'MODULE_NOT_FOUND',
  requireStack: []
}

Node.js v20.17.0
node:internal/modules/cjs/loader:1228
  throw err;
  ^

Error: Cannot find module 'C:\andon-jfa-fonte-oficial\andon-jfa-fonte-oficial\website-tablet\node_modules\node-windows\lib\wrapper.js'
    at Module._resolveFilename (node:internal/modules/cjs/loader:1225:15)
    at Module._load (node:internal/modules/cjs/loader:1051:27)
    at Function.executeUserEntryPoint [as runMain] (node:internal/modules/run_main:174:12)
    at node:internal/main/run_main_module:28:49 {
  code: 'MODULE_NOT_FOUND',
  requireStack: []
}

Node.js v20.17.0
node:internal/modules/cjs/loader:1228
  throw err;
  ^

Error: Cannot find module 'C:\andon-jfa-fonte-oficial\andon-jfa-fonte-oficial\website-tablet\node_modules\node-windows\lib\wrapper.js'
    at Module._resolveFilename (node:internal/modules/cjs/loader:1225:15)
    at Module._load (node:internal/modules/cjs/loader:1051:27)
    at Function.executeUserEntryPoint [as runMain] (node:internal/modules/run_main:174:12)
    at node:internal/main/run_main_module:28:49 {
  code: 'MODULE_NOT_FOUND',
  requireStack: []
}

Node.js v20.17.0
node:events:497
      throw er; // Unhandled 'error' event
      ^

Error: listen EADDRINUSE: address already in use :::4200
    at Server.setupListenHandle [as _listen2] (node:net:1904:16)
    at listenInCluster (node:net:1961:12)
    at Server.listen (node:net:2063:7)
    at Function.listen (C:\andon-jfa-fonte-oficial\andon-jfa-fonte-oficial\website-tablet\node_modules\express\lib\application.js:635:24)
    at Object.<anonymous> (C:\andon-jfa-fonte-oficial\andon-jfa-fonte-oficial\website-tablet\src\app\express.js:15:5)
    at Module._compile (node:internal/modules/cjs/loader:1469:14)
    at Module._extensions..js (node:internal/modules/cjs/loader:1548:10)
    at Module.load (node:internal/modules/cjs/loader:1288:32)
    at Module._load (node:internal/modules/cjs/loader:1104:12)
    at Function.executeUserEntryPoint [as runMain] (node:internal/modules/run_main:174:12)
Emitted 'error' event on Server instance at:
    at emitErrorNT (node:net:1940:8)
    at process.processTicksAndRejections (node:internal/process/task_queues:82:21) {
  code: 'EADDRINUSE',
  errno: -4091,
  syscall: 'listen',
  address: '::',
  port: 4200
}

Node.js v20.17.0
node:events:497
      throw er; // Unhandled 'error' event
      ^

Error: listen EADDRINUSE: address already in use :::4200
    at Server.setupListenHandle [as _listen2] (node:net:1904:16)
    at listenInCluster (node:net:1961:12)
    at Server.listen (node:net:2063:7)
    at Function.listen (C:\andon-jfa-fonte-oficial\andon-jfa-fonte-oficial\website-tablet\node_modules\express\lib\application.js:635:24)
    at Object.<anonymous> (C:\andon-jfa-fonte-oficial\andon-jfa-fonte-oficial\website-tablet\src\app\express.js:15:5)
    at Module._compile (node:internal/modules/cjs/loader:1469:14)
    at Module._extensions..js (node:internal/modules/cjs/loader:1548:10)
    at Module.load (node:internal/modules/cjs/loader:1288:32)
    at Module._load (node:internal/modules/cjs/loader:1104:12)
    at Function.executeUserEntryPoint [as runMain] (node:internal/modules/run_main:174:12)
Emitted 'error' event on Server instance at:
    at emitErrorNT (node:net:1940:8)
    at process.processTicksAndRejections (node:internal/process/task_queues:82:21) {
  code: 'EADDRINUSE',
  errno: -4091,
  syscall: 'listen',
  address: '::',
  port: 4200
}

Node.js v20.17.0
node:events:497
      throw er; // Unhandled 'error' event
      ^

Error: listen EADDRINUSE: address already in use :::4200
    at Server.setupListenHandle [as _listen2] (node:net:1904:16)
    at listenInCluster (node:net:1961:12)
    at Server.listen (node:net:2063:7)
    at Function.listen (C:\andon-jfa-fonte-oficial\andon-jfa-fonte-oficial\website-tablet\node_modules\express\lib\application.js:635:24)
    at Object.<anonymous> (C:\andon-jfa-fonte-oficial\andon-jfa-fonte-oficial\website-tablet\src\app\express.js:15:5)
    at Module._compile (node:internal/modules/cjs/loader:1469:14)
    at Module._extensions..js (node:internal/modules/cjs/loader:1548:10)
    at Module.load (node:internal/modules/cjs/loader:1288:32)
    at Module._load (node:internal/modules/cjs/loader:1104:12)
    at Function.executeUserEntryPoint [as runMain] (node:internal/modules/run_main:174:12)
Emitted 'error' event on Server instance at:
    at emitErrorNT (node:net:1940:8)
    at process.processTicksAndRejections (node:internal/process/task_queues:82:21) {
  code: 'EADDRINUSE',
  errno: -4091,
  syscall: 'listen',
  address: '::',
  port: 4200
}

Node.js v20.17.0
node:internal/modules/cjs/loader:1252
  throw err;
  ^

Error: Cannot find module 'C:\andon-jfa-fonte-oficial\andon-jfa-fonte-oficial\website-tablet\node_modules\node-windows\lib\wrapper.js'
    at Function._resolveFilename (node:internal/modules/cjs/loader:1249:15)
    at Function._load (node:internal/modules/cjs/loader:1075:27)
    at TracingChannel.traceSync (node:diagnostics_channel:315:14)
    at wrapModuleLoad (node:internal/modules/cjs/loader:218:24)
    at Function.executeUserEntryPoint [as runMain] (node:internal/modules/run_main:170:5)
    at node:internal/main/run_main_module:36:49 {
  code: 'MODULE_NOT_FOUND',
  requireStack: []
}

Node.js v22.11.0
